"2009-12-10 20:20:21";"QAPRSCore::Connecting to system database<br>"
"2009-12-10 20:32:36";"QAPRSCore::Connecting to system database<br>"
"2009-12-10 20:33:08";"QAPRSCore::Connecting to system database<br>"
"2009-12-10 20:33:37";"QAPRSCore::Connecting to system database<br>"
"2009-12-10 20:33:54";"QAPRSCore::Connecting to system database<br>"
"2009-12-10 20:39:47";"QAPRSCore::Connecting to system database<br>"
"2009-12-10 20:40:40";"QAPRSCore::Connecting to system database<br>"
"2009-12-10 20:40:41";"QAPRSCore::Try to up of 2 port(s)<br>"
"2009-12-10 20:40:41";"(0)AXIP::openPort<br>"
"2009-12-10 20:40:41";"(0)AXIP::Start listen UDP on port 93<br>"
"2009-12-10 20:40:41";"(1)AXIP::openPort<br>"
"2009-12-10 20:40:41";"(1)AXIP::Start listen UDP on port 94<br>"
"2009-12-10 20:41:20";"(0)AXIP::updatePort<br>"
"2009-12-10 20:41:33";"(1)AXIP::updatePort<br>"
"2009-12-10 20:41:55";"(1)AXIP::updatePort<br>"
"2009-12-10 20:42:09";"QAPRSCore::Disconnectiong from system database<br>"
"2009-12-10 20:42:09";"(0)AXIP::closePort<br>"
"2009-12-10 20:42:09";"(1)AXIP::closePort<br>"
"2009-12-10 20:42:12";"QAPRSCore::Connecting to system database<br>"
"2009-12-10 20:42:12";"QAPRSCore::Try to up of 2 port(s)<br>"
"2009-12-10 20:42:12";"(0)AXIP::openPort<br>"
"2009-12-10 20:42:12";"(0)AXIP::Start listen UDP on port 93<br>"
"2009-12-10 20:42:12";"(1)AXIP::openPort<br>"
"2009-12-10 20:42:12";"(1)AXIP::Start listen UDP on port 94<br>"
"2009-12-10 20:42:58";"(1)AXIP::updatePort<br>"
"2009-12-10 20:43:04";"(1)AXIP::updatePort<br>"
"2009-12-10 20:43:23";"QAPRSCore::Disconnectiong from system database<br>"
"2009-12-10 20:43:23";"(0)AXIP::closePort<br>"
"2009-12-10 20:43:23";"(1)AXIP::closePort<br>"
"2009-12-10 20:44:56";"QAPRSCore::Connecting to system database<br>"
"2009-12-10 20:44:56";"QAPRSCore::Try to up of 2 port(s)<br>"
"2009-12-10 20:44:56";"(0)AXIP::openPort<br>"
"2009-12-10 20:44:56";"(0)AXIP::Start listen UDP on port 93<br>"
"2009-12-10 20:44:56";"(1)AXIP::openPort<br>"
"2009-12-10 20:44:56";"(1)AXIP::Start listen UDP on port 94<br>"
"2009-12-10 20:45:58";"QAPRSCore::Connecting to system database<br>"
"2009-12-10 20:45:59";"QAPRSCore::Try to up of 2 port(s)<br>"
"2009-12-10 20:45:59";"(0)AXIP::openPort<br>"
"2009-12-10 20:45:59";"(0)AXIP::Start listen UDP on port 93<br>"
"2009-12-10 20:45:59";"(1)AXIP::openPort<br>"
"2009-12-10 20:45:59";"(1)AXIP::Start listen UDP on port 94<br>"
