"1728";"2009-12-10 20:40:42.546";"0";"AXIP";"n\a";"TX";"APU26N";"UA3MQJ-3";"WIDE1-1,WIDE2-2";"=5801.83N\03851.13E-Alex, QTH-Rybinsk {QAPRS}"
"1729";"2009-12-10 20:40:42.562";"1";"AXIP";"n\a";"RX";"APU26N";"UA3MQJ-3";"WIDE1-1,WIDE2-2";"=5801.83N\03851.13E-Alex, QTH-Rybinsk {QAPRS}"
"1730";"2009-12-10 20:40:43.500";"0";"AXIP";"n\a";"TX";"APU26N";"UA3MQJ-3";"WIDE1-1,WIDE2-2";"=5801.83N\03851.13E-Alex, QTH-Rybinsk {QAPRS}"
"1731";"2009-12-10 20:40:43.500";"1";"AXIP";"n\a";"RX";"APU26N";"UA3MQJ-3";"WIDE1-1,WIDE2-2";"=5801.83N\03851.13E-Alex, QTH-Rybinsk {QAPRS}"
"1732";"2009-12-10 20:40:44.500";"0";"AXIP";"n\a";"TX";"APU26N";"UA3MQJ-3";"WIDE1-1,WIDE2-2";"=5801.83N\03851.13E-Alex, QTH-Rybinsk {QAPRS}"
"1733";"2009-12-10 20:40:44.500";"1";"AXIP";"n\a";"RX";"APU26N";"UA3MQJ-3";"WIDE1-1,WIDE2-2";"=5801.83N\03851.13E-Alex, QTH-Rybinsk {QAPRS}"
"1734";"2009-12-10 20:40:45.500";"0";"AXIP";"n\a";"TX";"APU26N";"UA3MQJ-3";"WIDE1-1,WIDE2-2";"=5801.83N\03851.13E-Alex, QTH-Rybinsk {QAPRS}"
"1735";"2009-12-10 20:40:45.500";"1";"AXIP";"n\a";"RX";"APU26N";"UA3MQJ-3";"WIDE1-1,WIDE2-2";"=5801.83N\03851.13E-Alex, QTH-Rybinsk {QAPRS}"
"1736";"2009-12-10 20:40:46.500";"0";"AXIP";"n\a";"TX";"APU26N";"UA3MQJ-3";"WIDE1-1,WIDE2-2";"=5801.83N\03851.13E-Alex, QTH-Rybinsk {QAPRS}"
"1737";"2009-12-10 20:40:46.500";"1";"AXIP";"n\a";"RX";"APU26N";"UA3MQJ-3";"WIDE1-1,WIDE2-2";"=5801.83N\03851.13E-Alex, QTH-Rybinsk {QAPRS}"
"1738";"2009-12-10 20:40:47.500";"0";"AXIP";"n\a";"TX";"APU26N";"UA3MQJ-3";"WIDE1-1,WIDE2-2";"=5801.83N\03851.13E-Alex, QTH-Rybinsk {QAPRS}"
"1739";"2009-12-10 20:40:47.500";"1";"AXIP";"n\a";"RX";"APU26N";"UA3MQJ-3";"WIDE1-1,WIDE2-2";"=5801.83N\03851.13E-Alex, QTH-Rybinsk {QAPRS}"
"1740";"2009-12-10 20:40:48.500";"0";"AXIP";"n\a";"TX";"APU26N";"UA3MQJ-3";"WIDE1-1,WIDE2-2";"=5801.83N\03851.13E-Alex, QTH-Rybinsk {QAPRS}"
"1741";"2009-12-10 20:40:48.500";"1";"AXIP";"n\a";"RX";"APU26N";"UA3MQJ-3";"WIDE1-1,WIDE2-2";"=5801.83N\03851.13E-Alex, QTH-Rybinsk {QAPRS}"
"1742";"2009-12-10 20:40:49.500";"0";"AXIP";"n\a";"TX";"APU26N";"UA3MQJ-3";"WIDE1-1,WIDE2-2";"=5801.83N\03851.13E-Alex, QTH-Rybinsk {QAPRS}"
"1743";"2009-12-10 20:40:49.500";"1";"AXIP";"n\a";"RX";"APU26N";"UA3MQJ-3";"WIDE1-1,WIDE2-2";"=5801.83N\03851.13E-Alex, QTH-Rybinsk {QAPRS}"
"1744";"2009-12-10 20:40:50.500";"0";"AXIP";"n\a";"TX";"APU26N";"UA3MQJ-3";"WIDE1-1,WIDE2-2";"=5801.83N\03851.13E-Alex, QTH-Rybinsk {QAPRS}"
"1745";"2009-12-10 20:40:50.500";"1";"AXIP";"n\a";"RX";"APU26N";"UA3MQJ-3";"WIDE1-1,WIDE2-2";"=5801.83N\03851.13E-Alex, QTH-Rybinsk {QAPRS}"
"1746";"2009-12-10 20:40:51.500";"0";"AXIP";"n\a";"TX";"APU26N";"UA3MQJ-3";"WIDE1-1,WIDE2-2";"=5801.83N\03851.13E-Alex, QTH-Rybinsk {QAPRS}"
"1747";"2009-12-10 20:40:51.500";"1";"AXIP";"n\a";"RX";"APU26N";"UA3MQJ-3";"WIDE1-1,WIDE2-2";"=5801.83N\03851.13E-Alex, QTH-Rybinsk {QAPRS}"
"1748";"2009-12-10 20:40:52.500";"0";"AXIP";"n\a";"TX";"APU26N";"UA3MQJ-3";"WIDE1-1,WIDE2-2";"=5801.83N\03851.13E-Alex, QTH-Rybinsk {QAPRS}"
"1749";"2009-12-10 20:40:52.500";"1";"AXIP";"n\a";"RX";"APU26N";"UA3MQJ-3";"WIDE1-1,WIDE2-2";"=5801.83N\03851.13E-Alex, QTH-Rybinsk {QAPRS}"
"1750";"2009-12-10 20:40:53.500";"0";"AXIP";"n\a";"TX";"APU26N";"UA3MQJ-3";"WIDE1-1,WIDE2-2";"=5801.83N\03851.13E-Alex, QTH-Rybinsk {QAPRS}"
"1751";"2009-12-10 20:40:53.500";"1";"AXIP";"n\a";"RX";"APU26N";"UA3MQJ-3";"WIDE1-1,WIDE2-2";"=5801.83N\03851.13E-Alex, QTH-Rybinsk {QAPRS}"
"1752";"2009-12-10 20:40:54.500";"0";"AXIP";"n\a";"TX";"APU26N";"UA3MQJ-3";"WIDE1-1,WIDE2-2";"=5801.83N\03851.13E-Alex, QTH-Rybinsk {QAPRS}"
"1753";"2009-12-10 20:40:54.500";"1";"AXIP";"n\a";"RX";"APU26N";"UA3MQJ-3";"WIDE1-1,WIDE2-2";"=5801.83N\03851.13E-Alex, QTH-Rybinsk {QAPRS}"
"1754";"2009-12-10 20:40:55.500";"0";"AXIP";"n\a";"TX";"APU26N";"UA3MQJ-3";"WIDE1-1,WIDE2-2";"=5801.83N\03851.13E-Alex, QTH-Rybinsk {QAPRS}"
"1755";"2009-12-10 20:40:55.500";"1";"AXIP";"n\a";"RX";"APU26N";"UA3MQJ-3";"WIDE1-1,WIDE2-2";"=5801.83N\03851.13E-Alex, QTH-Rybinsk {QAPRS}"
"1756";"2009-12-10 20:40:56.500";"0";"AXIP";"n\a";"TX";"APU26N";"UA3MQJ-3";"WIDE1-1,WIDE2-2";"=5801.83N\03851.13E-Alex, QTH-Rybinsk {QAPRS}"
"1757";"2009-12-10 20:40:56.500";"1";"AXIP";"n\a";"RX";"APU26N";"UA3MQJ-3";"WIDE1-1,WIDE2-2";"=5801.83N\03851.13E-Alex, QTH-Rybinsk {QAPRS}"
"1758";"2009-12-10 20:40:57.500";"0";"AXIP";"n\a";"TX";"APU26N";"UA3MQJ-3";"WIDE1-1,WIDE2-2";"=5801.83N\03851.13E-Alex, QTH-Rybinsk {QAPRS}"
"1759";"2009-12-10 20:40:57.500";"1";"AXIP";"n\a";"RX";"APU26N";"UA3MQJ-3";"WIDE1-1,WIDE2-2";"=5801.83N\03851.13E-Alex, QTH-Rybinsk {QAPRS}"
"1760";"2009-12-10 20:40:58.500";"0";"AXIP";"n\a";"TX";"APU26N";"UA3MQJ-3";"WIDE1-1,WIDE2-2";"=5801.83N\03851.13E-Alex, QTH-Rybinsk {QAPRS}"
"1761";"2009-12-10 20:40:58.500";"1";"AXIP";"n\a";"RX";"APU26N";"UA3MQJ-3";"WIDE1-1,WIDE2-2";"=5801.83N\03851.13E-Alex, QTH-Rybinsk {QAPRS}"
"1762";"2009-12-10 20:40:59.500";"0";"AXIP";"n\a";"TX";"APU26N";"UA3MQJ-3";"WIDE1-1,WIDE2-2";"=5801.83N\03851.13E-Alex, QTH-Rybinsk {QAPRS}"
"1763";"2009-12-10 20:40:59.500";"1";"AXIP";"n\a";"RX";"APU26N";"UA3MQJ-3";"WIDE1-1,WIDE2-2";"=5801.83N\03851.13E-Alex, QTH-Rybinsk {QAPRS}"
"1764";"2009-12-10 20:41:00.500";"0";"AXIP";"n\a";"TX";"APU26N";"UA3MQJ-3";"WIDE1-1,WIDE2-2";"=5801.83N\03851.13E-Alex, QTH-Rybinsk {QAPRS}"
"1765";"2009-12-10 20:41:00.500";"1";"AXIP";"n\a";"RX";"APU26N";"UA3MQJ-3";"WIDE1-1,WIDE2-2";"=5801.83N\03851.13E-Alex, QTH-Rybinsk {QAPRS}"
"1766";"2009-12-10 20:41:01.500";"0";"AXIP";"n\a";"TX";"APU26N";"UA3MQJ-3";"WIDE1-1,WIDE2-2";"=5801.83N\03851.13E-Alex, QTH-Rybinsk {QAPRS}"
"1767";"2009-12-10 20:41:01.500";"1";"AXIP";"n\a";"RX";"APU26N";"UA3MQJ-3";"WIDE1-1,WIDE2-2";"=5801.83N\03851.13E-Alex, QTH-Rybinsk {QAPRS}"
"1768";"2009-12-10 20:41:02.500";"0";"AXIP";"n\a";"TX";"APU26N";"UA3MQJ-3";"WIDE1-1,WIDE2-2";"=5801.83N\03851.13E-Alex, QTH-Rybinsk {QAPRS}"
"1769";"2009-12-10 20:41:02.500";"1";"AXIP";"n\a";"RX";"APU26N";"UA3MQJ-3";"WIDE1-1,WIDE2-2";"=5801.83N\03851.13E-Alex, QTH-Rybinsk {QAPRS}"
"1770";"2009-12-10 20:41:03.500";"0";"AXIP";"n\a";"TX";"APU26N";"UA3MQJ-3";"WIDE1-1,WIDE2-2";"=5801.83N\03851.13E-Alex, QTH-Rybinsk {QAPRS}"
"1771";"2009-12-10 20:41:03.500";"1";"AXIP";"n\a";"RX";"APU26N";"UA3MQJ-3";"WIDE1-1,WIDE2-2";"=5801.83N\03851.13E-Alex, QTH-Rybinsk {QAPRS}"
"1772";"2009-12-10 20:41:04.500";"0";"AXIP";"n\a";"TX";"APU26N";"UA3MQJ-3";"WIDE1-1,WIDE2-2";"=5801.83N\03851.13E-Alex, QTH-Rybinsk {QAPRS}"
"1773";"2009-12-10 20:41:04.500";"1";"AXIP";"n\a";"RX";"APU26N";"UA3MQJ-3";"WIDE1-1,WIDE2-2";"=5801.83N\03851.13E-Alex, QTH-Rybinsk {QAPRS}"
"1774";"2009-12-10 20:41:05.500";"0";"AXIP";"n\a";"TX";"APU26N";"UA3MQJ-3";"WIDE1-1,WIDE2-2";"=5801.83N\03851.13E-Alex, QTH-Rybinsk {QAPRS}"
"1775";"2009-12-10 20:41:05.500";"1";"AXIP";"n\a";"RX";"APU26N";"UA3MQJ-3";"WIDE1-1,WIDE2-2";"=5801.83N\03851.13E-Alex, QTH-Rybinsk {QAPRS}"
"1776";"2009-12-10 20:41:06.500";"0";"AXIP";"n\a";"TX";"APU26N";"UA3MQJ-3";"WIDE1-1,WIDE2-2";"=5801.83N\03851.13E-Alex, QTH-Rybinsk {QAPRS}"
"1777";"2009-12-10 20:41:06.500";"1";"AXIP";"n\a";"RX";"APU26N";"UA3MQJ-3";"WIDE1-1,WIDE2-2";"=5801.83N\03851.13E-Alex, QTH-Rybinsk {QAPRS}"
"1778";"2009-12-10 20:41:07.500";"0";"AXIP";"n\a";"TX";"APU26N";"UA3MQJ-3";"WIDE1-1,WIDE2-2";"=5801.83N\03851.13E-Alex, QTH-Rybinsk {QAPRS}"
"1779";"2009-12-10 20:41:07.500";"1";"AXIP";"n\a";"RX";"APU26N";"UA3MQJ-3";"WIDE1-1,WIDE2-2";"=5801.83N\03851.13E-Alex, QTH-Rybinsk {QAPRS}"
"1780";"2009-12-10 20:41:08.500";"0";"AXIP";"n\a";"TX";"APU26N";"UA3MQJ-3";"WIDE1-1,WIDE2-2";"=5801.83N\03851.13E-Alex, QTH-Rybinsk {QAPRS}"
"1781";"2009-12-10 20:41:08.500";"1";"AXIP";"n\a";"RX";"APU26N";"UA3MQJ-3";"WIDE1-1,WIDE2-2";"=5801.83N\03851.13E-Alex, QTH-Rybinsk {QAPRS}"
"1782";"2009-12-10 20:41:09.500";"0";"AXIP";"n\a";"TX";"APU26N";"UA3MQJ-3";"WIDE1-1,WIDE2-2";"=5801.83N\03851.13E-Alex, QTH-Rybinsk {QAPRS}"
"1783";"2009-12-10 20:41:09.500";"1";"AXIP";"n\a";"RX";"APU26N";"UA3MQJ-3";"WIDE1-1,WIDE2-2";"=5801.83N\03851.13E-Alex, QTH-Rybinsk {QAPRS}"
"1784";"2009-12-10 20:41:10.500";"0";"AXIP";"n\a";"TX";"APU26N";"UA3MQJ-3";"WIDE1-1,WIDE2-2";"=5801.83N\03851.13E-Alex, QTH-Rybinsk {QAPRS}"
"1785";"2009-12-10 20:41:10.500";"1";"AXIP";"n\a";"RX";"APU26N";"UA3MQJ-3";"WIDE1-1,WIDE2-2";"=5801.83N\03851.13E-Alex, QTH-Rybinsk {QAPRS}"
"1786";"2009-12-10 20:41:11.500";"0";"AXIP";"n\a";"TX";"APU26N";"UA3MQJ-3";"WIDE1-1,WIDE2-2";"=5801.83N\03851.13E-Alex, QTH-Rybinsk {QAPRS}"
"1787";"2009-12-10 20:41:11.500";"1";"AXIP";"n\a";"RX";"APU26N";"UA3MQJ-3";"WIDE1-1,WIDE2-2";"=5801.83N\03851.13E-Alex, QTH-Rybinsk {QAPRS}"
"1788";"2009-12-10 20:41:12.500";"0";"AXIP";"n\a";"TX";"APU26N";"UA3MQJ-3";"WIDE1-1,WIDE2-2";"=5801.83N\03851.13E-Alex, QTH-Rybinsk {QAPRS}"
"1789";"2009-12-10 20:41:12.500";"1";"AXIP";"n\a";"RX";"APU26N";"UA3MQJ-3";"WIDE1-1,WIDE2-2";"=5801.83N\03851.13E-Alex, QTH-Rybinsk {QAPRS}"
"1790";"2009-12-10 20:41:13.500";"0";"AXIP";"n\a";"TX";"APU26N";"UA3MQJ-3";"WIDE1-1,WIDE2-2";"=5801.83N\03851.13E-Alex, QTH-Rybinsk {QAPRS}"
"1791";"2009-12-10 20:41:13.500";"1";"AXIP";"n\a";"RX";"APU26N";"UA3MQJ-3";"WIDE1-1,WIDE2-2";"=5801.83N\03851.13E-Alex, QTH-Rybinsk {QAPRS}"
"1792";"2009-12-10 20:41:14.500";"0";"AXIP";"n\a";"TX";"APU26N";"UA3MQJ-3";"WIDE1-1,WIDE2-2";"=5801.83N\03851.13E-Alex, QTH-Rybinsk {QAPRS}"
"1793";"2009-12-10 20:41:14.500";"1";"AXIP";"n\a";"RX";"APU26N";"UA3MQJ-3";"WIDE1-1,WIDE2-2";"=5801.83N\03851.13E-Alex, QTH-Rybinsk {QAPRS}"
"1794";"2009-12-10 20:41:15.500";"0";"AXIP";"n\a";"TX";"APU26N";"UA3MQJ-3";"WIDE1-1,WIDE2-2";"=5801.83N\03851.13E-Alex, QTH-Rybinsk {QAPRS}"
"1795";"2009-12-10 20:41:15.500";"1";"AXIP";"n\a";"RX";"APU26N";"UA3MQJ-3";"WIDE1-1,WIDE2-2";"=5801.83N\03851.13E-Alex, QTH-Rybinsk {QAPRS}"
"1796";"2009-12-10 20:41:16.500";"0";"AXIP";"n\a";"TX";"APU26N";"UA3MQJ-3";"WIDE1-1,WIDE2-2";"=5801.83N\03851.13E-Alex, QTH-Rybinsk {QAPRS}"
"1797";"2009-12-10 20:41:16.500";"1";"AXIP";"n\a";"RX";"APU26N";"UA3MQJ-3";"WIDE1-1,WIDE2-2";"=5801.83N\03851.13E-Alex, QTH-Rybinsk {QAPRS}"
"1798";"2009-12-10 20:41:17.500";"0";"AXIP";"n\a";"TX";"APU26N";"UA3MQJ-3";"WIDE1-1,WIDE2-2";"=5801.83N\03851.13E-Alex, QTH-Rybinsk {QAPRS}"
"1799";"2009-12-10 20:41:17.500";"1";"AXIP";"n\a";"RX";"APU26N";"UA3MQJ-3";"WIDE1-1,WIDE2-2";"=5801.83N\03851.13E-Alex, QTH-Rybinsk {QAPRS}"
"1800";"2009-12-10 20:41:18.500";"0";"AXIP";"n\a";"TX";"APU26N";"UA3MQJ-3";"WIDE1-1,WIDE2-2";"=5801.83N\03851.13E-Alex, QTH-Rybinsk {QAPRS}"
"1801";"2009-12-10 20:41:18.500";"1";"AXIP";"n\a";"RX";"APU26N";"UA3MQJ-3";"WIDE1-1,WIDE2-2";"=5801.83N\03851.13E-Alex, QTH-Rybinsk {QAPRS}"
"1802";"2009-12-10 20:41:19.500";"0";"AXIP";"n\a";"TX";"APU26N";"UA3MQJ-3";"WIDE1-1,WIDE2-2";"=5801.83N\03851.13E-Alex, QTH-Rybinsk {QAPRS}"
"1803";"2009-12-10 20:41:19.500";"1";"AXIP";"n\a";"RX";"APU26N";"UA3MQJ-3";"WIDE1-1,WIDE2-2";"=5801.83N\03851.13E-Alex, QTH-Rybinsk {QAPRS}"
"1804";"2009-12-10 20:41:34.453";"1";"AXIP";"n\a";"TX";"APU26N";"UA3MMX";"WIDE1-1,WIDE2-2";"=5801.83N/03852.13EIAlex, QTH-Rybinsk {QAPRS}"
"1805";"2009-12-10 20:41:34.453";"0";"AXIP";"n\a";"RX";"APU26N";"UA3MMX";"WIDE1-1,WIDE2-2";"=5801.83N/03852.13EIAlex, QTH-Rybinsk {QAPRS}"
"1806";"2009-12-10 20:41:35.453";"1";"AXIP";"n\a";"TX";"APU26N";"UA3MMX";"WIDE1-1,WIDE2-2";"=5801.83N/03852.13EIAlex, QTH-Rybinsk {QAPRS}"
"1807";"2009-12-10 20:41:35.453";"0";"AXIP";"n\a";"RX";"APU26N";"UA3MMX";"WIDE1-1,WIDE2-2";"=5801.83N/03852.13EIAlex, QTH-Rybinsk {QAPRS}"
"1808";"2009-12-10 20:41:36.453";"1";"AXIP";"n\a";"TX";"APU26N";"UA3MMX";"WIDE1-1,WIDE2-2";"=5801.83N/03852.13EIAlex, QTH-Rybinsk {QAPRS}"
"1809";"2009-12-10 20:41:36.453";"0";"AXIP";"n\a";"RX";"APU26N";"UA3MMX";"WIDE1-1,WIDE2-2";"=5801.83N/03852.13EIAlex, QTH-Rybinsk {QAPRS}"
"1810";"2009-12-10 20:41:37.453";"1";"AXIP";"n\a";"TX";"APU26N";"UA3MMX";"WIDE1-1,WIDE2-2";"=5801.83N/03852.13EIAlex, QTH-Rybinsk {QAPRS}"
"1811";"2009-12-10 20:41:37.453";"0";"AXIP";"n\a";"RX";"APU26N";"UA3MMX";"WIDE1-1,WIDE2-2";"=5801.83N/03852.13EIAlex, QTH-Rybinsk {QAPRS}"
"1812";"2009-12-10 20:41:38.453";"1";"AXIP";"n\a";"TX";"APU26N";"UA3MMX";"WIDE1-1,WIDE2-2";"=5801.83N/03852.13EIAlex, QTH-Rybinsk {QAPRS}"
"1813";"2009-12-10 20:41:38.453";"0";"AXIP";"n\a";"RX";"APU26N";"UA3MMX";"WIDE1-1,WIDE2-2";"=5801.83N/03852.13EIAlex, QTH-Rybinsk {QAPRS}"
"1814";"2009-12-10 20:41:39.453";"1";"AXIP";"n\a";"TX";"APU26N";"UA3MMX";"WIDE1-1,WIDE2-2";"=5801.83N/03852.13EIAlex, QTH-Rybinsk {QAPRS}"
"1815";"2009-12-10 20:41:39.453";"0";"AXIP";"n\a";"RX";"APU26N";"UA3MMX";"WIDE1-1,WIDE2-2";"=5801.83N/03852.13EIAlex, QTH-Rybinsk {QAPRS}"
"1816";"2009-12-10 20:41:40.453";"1";"AXIP";"n\a";"TX";"APU26N";"UA3MMX";"WIDE1-1,WIDE2-2";"=5801.83N/03852.13EIAlex, QTH-Rybinsk {QAPRS}"
"1817";"2009-12-10 20:41:40.453";"0";"AXIP";"n\a";"RX";"APU26N";"UA3MMX";"WIDE1-1,WIDE2-2";"=5801.83N/03852.13EIAlex, QTH-Rybinsk {QAPRS}"
"1818";"2009-12-10 20:41:41.453";"1";"AXIP";"n\a";"TX";"APU26N";"UA3MMX";"WIDE1-1,WIDE2-2";"=5801.83N/03852.13EIAlex, QTH-Rybinsk {QAPRS}"
"1819";"2009-12-10 20:41:41.453";"0";"AXIP";"n\a";"RX";"APU26N";"UA3MMX";"WIDE1-1,WIDE2-2";"=5801.83N/03852.13EIAlex, QTH-Rybinsk {QAPRS}"
"1820";"2009-12-10 20:41:42.453";"1";"AXIP";"n\a";"TX";"APU26N";"UA3MMX";"WIDE1-1,WIDE2-2";"=5801.83N/03852.13EIAlex, QTH-Rybinsk {QAPRS}"
"1821";"2009-12-10 20:41:42.453";"0";"AXIP";"n\a";"RX";"APU26N";"UA3MMX";"WIDE1-1,WIDE2-2";"=5801.83N/03852.13EIAlex, QTH-Rybinsk {QAPRS}"
"1822";"2009-12-10 20:41:43.453";"1";"AXIP";"n\a";"TX";"APU26N";"UA3MMX";"WIDE1-1,WIDE2-2";"=5801.83N/03852.13EIAlex, QTH-Rybinsk {QAPRS}"
"1823";"2009-12-10 20:41:43.453";"0";"AXIP";"n\a";"RX";"APU26N";"UA3MMX";"WIDE1-1,WIDE2-2";"=5801.83N/03852.13EIAlex, QTH-Rybinsk {QAPRS}"
"1824";"2009-12-10 20:41:44.453";"1";"AXIP";"n\a";"TX";"APU26N";"UA3MMX";"WIDE1-1,WIDE2-2";"=5801.83N/03852.13EIAlex, QTH-Rybinsk {QAPRS}"
"1825";"2009-12-10 20:41:44.453";"0";"AXIP";"n\a";"RX";"APU26N";"UA3MMX";"WIDE1-1,WIDE2-2";"=5801.83N/03852.13EIAlex, QTH-Rybinsk {QAPRS}"
"1826";"2009-12-10 20:41:45.453";"1";"AXIP";"n\a";"TX";"APU26N";"UA3MMX";"WIDE1-1,WIDE2-2";"=5801.83N/03852.13EIAlex, QTH-Rybinsk {QAPRS}"
"1827";"2009-12-10 20:41:45.453";"0";"AXIP";"n\a";"RX";"APU26N";"UA3MMX";"WIDE1-1,WIDE2-2";"=5801.83N/03852.13EIAlex, QTH-Rybinsk {QAPRS}"
"1828";"2009-12-10 20:41:46.453";"1";"AXIP";"n\a";"TX";"APU26N";"UA3MMX";"WIDE1-1,WIDE2-2";"=5801.83N/03852.13EIAlex, QTH-Rybinsk {QAPRS}"
"1829";"2009-12-10 20:41:46.453";"0";"AXIP";"n\a";"RX";"APU26N";"UA3MMX";"WIDE1-1,WIDE2-2";"=5801.83N/03852.13EIAlex, QTH-Rybinsk {QAPRS}"
"1830";"2009-12-10 20:41:47.453";"1";"AXIP";"n\a";"TX";"APU26N";"UA3MMX";"WIDE1-1,WIDE2-2";"=5801.83N/03852.13EIAlex, QTH-Rybinsk {QAPRS}"
"1831";"2009-12-10 20:41:47.453";"0";"AXIP";"n\a";"RX";"APU26N";"UA3MMX";"WIDE1-1,WIDE2-2";"=5801.83N/03852.13EIAlex, QTH-Rybinsk {QAPRS}"
"1832";"2009-12-10 20:41:48.453";"1";"AXIP";"n\a";"TX";"APU26N";"UA3MMX";"WIDE1-1,WIDE2-2";"=5801.83N/03852.13EIAlex, QTH-Rybinsk {QAPRS}"
"1833";"2009-12-10 20:41:48.453";"0";"AXIP";"n\a";"RX";"APU26N";"UA3MMX";"WIDE1-1,WIDE2-2";"=5801.83N/03852.13EIAlex, QTH-Rybinsk {QAPRS}"
"1834";"2009-12-10 20:41:49.453";"1";"AXIP";"n\a";"TX";"APU26N";"UA3MMX";"WIDE1-1,WIDE2-2";"=5801.83N/03852.13EIAlex, QTH-Rybinsk {QAPRS}"
"1835";"2009-12-10 20:41:49.453";"0";"AXIP";"n\a";"RX";"APU26N";"UA3MMX";"WIDE1-1,WIDE2-2";"=5801.83N/03852.13EIAlex, QTH-Rybinsk {QAPRS}"
"1836";"2009-12-10 20:41:50.453";"1";"AXIP";"n\a";"TX";"APU26N";"UA3MMX";"WIDE1-1,WIDE2-2";"=5801.83N/03852.13EIAlex, QTH-Rybinsk {QAPRS}"
"1837";"2009-12-10 20:41:50.453";"0";"AXIP";"n\a";"RX";"APU26N";"UA3MMX";"WIDE1-1,WIDE2-2";"=5801.83N/03852.13EIAlex, QTH-Rybinsk {QAPRS}"
"1838";"2009-12-10 20:41:51.453";"1";"AXIP";"n\a";"TX";"APU26N";"UA3MMX";"WIDE1-1,WIDE2-2";"=5801.83N/03852.13EIAlex, QTH-Rybinsk {QAPRS}"
"1839";"2009-12-10 20:41:51.453";"0";"AXIP";"n\a";"RX";"APU26N";"UA3MMX";"WIDE1-1,WIDE2-2";"=5801.83N/03852.13EIAlex, QTH-Rybinsk {QAPRS}"
"1840";"2009-12-10 20:41:52.453";"1";"AXIP";"n\a";"TX";"APU26N";"UA3MMX";"WIDE1-1,WIDE2-2";"=5801.83N/03852.13EIAlex, QTH-Rybinsk {QAPRS}"
"1841";"2009-12-10 20:41:52.453";"0";"AXIP";"n\a";"RX";"APU26N";"UA3MMX";"WIDE1-1,WIDE2-2";"=5801.83N/03852.13EIAlex, QTH-Rybinsk {QAPRS}"
"1842";"2009-12-10 20:41:53.453";"1";"AXIP";"n\a";"TX";"APU26N";"UA3MMX";"WIDE1-1,WIDE2-2";"=5801.83N/03852.13EIAlex, QTH-Rybinsk {QAPRS}"
"1843";"2009-12-10 20:41:53.453";"0";"AXIP";"n\a";"RX";"APU26N";"UA3MMX";"WIDE1-1,WIDE2-2";"=5801.83N/03852.13EIAlex, QTH-Rybinsk {QAPRS}"
"1844";"2009-12-10 20:41:54.453";"1";"AXIP";"n\a";"TX";"APU26N";"UA3MMX";"WIDE1-1,WIDE2-2";"=5801.83N/03852.13EIAlex, QTH-Rybinsk {QAPRS}"
"1845";"2009-12-10 20:41:54.453";"0";"AXIP";"n\a";"RX";"APU26N";"UA3MMX";"WIDE1-1,WIDE2-2";"=5801.83N/03852.13EIAlex, QTH-Rybinsk {QAPRS}"
"1846";"2009-12-10 20:41:56.453";"1";"AXIP";"n\a";"TX";"APU26N";"UA3MMX-6";"WIDE1-1,WIDE2-2";"=5801.83N/03852.13EIAlex, QTH-Rybinsk {QAPRS}"
"1847";"2009-12-10 20:41:56.453";"0";"AXIP";"n\a";"RX";"APU26N";"UA3MMX-6";"WIDE1-1,WIDE2-2";"=5801.83N/03852.13EIAlex, QTH-Rybinsk {QAPRS}"
"1848";"2009-12-10 20:41:57.453";"1";"AXIP";"n\a";"TX";"APU26N";"UA3MMX-6";"WIDE1-1,WIDE2-2";"=5801.83N/03852.13EIAlex, QTH-Rybinsk {QAPRS}"
"1849";"2009-12-10 20:41:57.453";"0";"AXIP";"n\a";"RX";"APU26N";"UA3MMX-6";"WIDE1-1,WIDE2-2";"=5801.83N/03852.13EIAlex, QTH-Rybinsk {QAPRS}"
"1850";"2009-12-10 20:41:58.453";"1";"AXIP";"n\a";"TX";"APU26N";"UA3MMX-6";"WIDE1-1,WIDE2-2";"=5801.83N/03852.13EIAlex, QTH-Rybinsk {QAPRS}"
"1851";"2009-12-10 20:41:58.453";"0";"AXIP";"n\a";"RX";"APU26N";"UA3MMX-6";"WIDE1-1,WIDE2-2";"=5801.83N/03852.13EIAlex, QTH-Rybinsk {QAPRS}"
"1852";"2009-12-10 20:41:59.453";"1";"AXIP";"n\a";"TX";"APU26N";"UA3MMX-6";"WIDE1-1,WIDE2-2";"=5801.83N/03852.13EIAlex, QTH-Rybinsk {QAPRS}"
"1853";"2009-12-10 20:41:59.453";"0";"AXIP";"n\a";"RX";"APU26N";"UA3MMX-6";"WIDE1-1,WIDE2-2";"=5801.83N/03852.13EIAlex, QTH-Rybinsk {QAPRS}"
"1854";"2009-12-10 20:42:00.453";"1";"AXIP";"n\a";"TX";"APU26N";"UA3MMX-6";"WIDE1-1,WIDE2-2";"=5801.83N/03852.13EIAlex, QTH-Rybinsk {QAPRS}"
"1855";"2009-12-10 20:42:00.453";"0";"AXIP";"n\a";"RX";"APU26N";"UA3MMX-6";"WIDE1-1,WIDE2-2";"=5801.83N/03852.13EIAlex, QTH-Rybinsk {QAPRS}"
"1856";"2009-12-10 20:42:01.453";"1";"AXIP";"n\a";"TX";"APU26N";"UA3MMX-6";"WIDE1-1,WIDE2-2";"=5801.83N/03852.13EIAlex, QTH-Rybinsk {QAPRS}"
"1857";"2009-12-10 20:42:01.453";"0";"AXIP";"n\a";"RX";"APU26N";"UA3MMX-6";"WIDE1-1,WIDE2-2";"=5801.83N/03852.13EIAlex, QTH-Rybinsk {QAPRS}"
"1858";"2009-12-10 20:42:02.453";"1";"AXIP";"n\a";"TX";"APU26N";"UA3MMX-6";"WIDE1-1,WIDE2-2";"=5801.83N/03852.13EIAlex, QTH-Rybinsk {QAPRS}"
"1859";"2009-12-10 20:42:02.453";"0";"AXIP";"n\a";"RX";"APU26N";"UA3MMX-6";"WIDE1-1,WIDE2-2";"=5801.83N/03852.13EIAlex, QTH-Rybinsk {QAPRS}"
"1860";"2009-12-10 20:42:03.453";"1";"AXIP";"n\a";"TX";"APU26N";"UA3MMX-6";"WIDE1-1,WIDE2-2";"=5801.83N/03852.13EIAlex, QTH-Rybinsk {QAPRS}"
"1861";"2009-12-10 20:42:03.453";"0";"AXIP";"n\a";"RX";"APU26N";"UA3MMX-6";"WIDE1-1,WIDE2-2";"=5801.83N/03852.13EIAlex, QTH-Rybinsk {QAPRS}"
"1862";"2009-12-10 20:42:04.453";"1";"AXIP";"n\a";"TX";"APU26N";"UA3MMX-6";"WIDE1-1,WIDE2-2";"=5801.83N/03852.13EIAlex, QTH-Rybinsk {QAPRS}"
"1863";"2009-12-10 20:42:04.453";"0";"AXIP";"n\a";"RX";"APU26N";"UA3MMX-6";"WIDE1-1,WIDE2-2";"=5801.83N/03852.13EIAlex, QTH-Rybinsk {QAPRS}"
"1864";"2009-12-10 20:42:05.453";"1";"AXIP";"n\a";"TX";"APU26N";"UA3MMX-6";"WIDE1-1,WIDE2-2";"=5801.83N/03852.13EIAlex, QTH-Rybinsk {QAPRS}"
"1865";"2009-12-10 20:42:05.453";"0";"AXIP";"n\a";"RX";"APU26N";"UA3MMX-6";"WIDE1-1,WIDE2-2";"=5801.83N/03852.13EIAlex, QTH-Rybinsk {QAPRS}"
"1866";"2009-12-10 20:42:06.453";"1";"AXIP";"n\a";"TX";"APU26N";"UA3MMX-6";"WIDE1-1,WIDE2-2";"=5801.83N/03852.13EIAlex, QTH-Rybinsk {QAPRS}"
"1867";"2009-12-10 20:42:06.453";"0";"AXIP";"n\a";"RX";"APU26N";"UA3MMX-6";"WIDE1-1,WIDE2-2";"=5801.83N/03852.13EIAlex, QTH-Rybinsk {QAPRS}"
"1868";"2009-12-10 20:42:07.453";"1";"AXIP";"n\a";"TX";"APU26N";"UA3MMX-6";"WIDE1-1,WIDE2-2";"=5801.83N/03852.13EIAlex, QTH-Rybinsk {QAPRS}"
"1869";"2009-12-10 20:42:07.453";"0";"AXIP";"n\a";"RX";"APU26N";"UA3MMX-6";"WIDE1-1,WIDE2-2";"=5801.83N/03852.13EIAlex, QTH-Rybinsk {QAPRS}"
"1870";"2009-12-10 20:42:08.453";"1";"AXIP";"n\a";"TX";"APU26N";"UA3MMX-6";"WIDE1-1,WIDE2-2";"=5801.83N/03852.13EIAlex, QTH-Rybinsk {QAPRS}"
"1871";"2009-12-10 20:42:08.453";"0";"AXIP";"n\a";"RX";"APU26N";"UA3MMX-6";"WIDE1-1,WIDE2-2";"=5801.83N/03852.13EIAlex, QTH-Rybinsk {QAPRS}"
"1872";"2009-12-10 20:42:13.671";"1";"AXIP";"n\a";"TX";"APU26N";"UA3MMX-6";"WIDE1-1,WIDE2-2";"=5801.83N/03852.13EIAlex, QTH-Rybinsk {QAPRS}"
"1873";"2009-12-10 20:42:13.671";"0";"AXIP";"n\a";"RX";"APU26N";"UA3MMX-6";"WIDE1-1,WIDE2-2";"=5801.83N/03852.13EIAlex, QTH-Rybinsk {QAPRS}"
"1874";"2009-12-10 20:42:14.671";"1";"AXIP";"n\a";"TX";"APU26N";"UA3MMX-6";"WIDE1-1,WIDE2-2";"=5801.83N/03852.13EIAlex, QTH-Rybinsk {QAPRS}"
"1875";"2009-12-10 20:42:14.671";"0";"AXIP";"n\a";"RX";"APU26N";"UA3MMX-6";"WIDE1-1,WIDE2-2";"=5801.83N/03852.13EIAlex, QTH-Rybinsk {QAPRS}"
"1876";"2009-12-10 20:42:15.671";"1";"AXIP";"n\a";"TX";"APU26N";"UA3MMX-6";"WIDE1-1,WIDE2-2";"=5801.83N/03852.13EIAlex, QTH-Rybinsk {QAPRS}"
"1877";"2009-12-10 20:42:15.671";"0";"AXIP";"n\a";"RX";"APU26N";"UA3MMX-6";"WIDE1-1,WIDE2-2";"=5801.83N/03852.13EIAlex, QTH-Rybinsk {QAPRS}"
"1878";"2009-12-10 20:42:16.671";"1";"AXIP";"n\a";"TX";"APU26N";"UA3MMX-6";"WIDE1-1,WIDE2-2";"=5801.83N/03852.13EIAlex, QTH-Rybinsk {QAPRS}"
"1879";"2009-12-10 20:42:16.671";"0";"AXIP";"n\a";"RX";"APU26N";"UA3MMX-6";"WIDE1-1,WIDE2-2";"=5801.83N/03852.13EIAlex, QTH-Rybinsk {QAPRS}"
"1880";"2009-12-10 20:42:17.671";"1";"AXIP";"n\a";"TX";"APU26N";"UA3MMX-6";"WIDE1-1,WIDE2-2";"=5801.83N/03852.13EIAlex, QTH-Rybinsk {QAPRS}"
"1881";"2009-12-10 20:42:17.671";"0";"AXIP";"n\a";"RX";"APU26N";"UA3MMX-6";"WIDE1-1,WIDE2-2";"=5801.83N/03852.13EIAlex, QTH-Rybinsk {QAPRS}"
"1882";"2009-12-10 20:42:18.671";"1";"AXIP";"n\a";"TX";"APU26N";"UA3MMX-6";"WIDE1-1,WIDE2-2";"=5801.83N/03852.13EIAlex, QTH-Rybinsk {QAPRS}"
"1883";"2009-12-10 20:42:18.671";"0";"AXIP";"n\a";"RX";"APU26N";"UA3MMX-6";"WIDE1-1,WIDE2-2";"=5801.83N/03852.13EIAlex, QTH-Rybinsk {QAPRS}"
"1884";"2009-12-10 20:42:19.671";"1";"AXIP";"n\a";"TX";"APU26N";"UA3MMX-6";"WIDE1-1,WIDE2-2";"=5801.83N/03852.13EIAlex, QTH-Rybinsk {QAPRS}"
"1885";"2009-12-10 20:42:19.671";"0";"AXIP";"n\a";"RX";"APU26N";"UA3MMX-6";"WIDE1-1,WIDE2-2";"=5801.83N/03852.13EIAlex, QTH-Rybinsk {QAPRS}"
"1886";"2009-12-10 20:42:20.671";"1";"AXIP";"n\a";"TX";"APU26N";"UA3MMX-6";"WIDE1-1,WIDE2-2";"=5801.83N/03852.13EIAlex, QTH-Rybinsk {QAPRS}"
"1887";"2009-12-10 20:42:20.671";"0";"AXIP";"n\a";"RX";"APU26N";"UA3MMX-6";"WIDE1-1,WIDE2-2";"=5801.83N/03852.13EIAlex, QTH-Rybinsk {QAPRS}"
"1888";"2009-12-10 20:42:21.671";"1";"AXIP";"n\a";"TX";"APU26N";"UA3MMX-6";"WIDE1-1,WIDE2-2";"=5801.83N/03852.13EIAlex, QTH-Rybinsk {QAPRS}"
"1889";"2009-12-10 20:42:21.671";"0";"AXIP";"n\a";"RX";"APU26N";"UA3MMX-6";"WIDE1-1,WIDE2-2";"=5801.83N/03852.13EIAlex, QTH-Rybinsk {QAPRS}"
"1890";"2009-12-10 20:42:22.671";"1";"AXIP";"n\a";"TX";"APU26N";"UA3MMX-6";"WIDE1-1,WIDE2-2";"=5801.83N/03852.13EIAlex, QTH-Rybinsk {QAPRS}"
"1891";"2009-12-10 20:42:22.671";"0";"AXIP";"n\a";"RX";"APU26N";"UA3MMX-6";"WIDE1-1,WIDE2-2";"=5801.83N/03852.13EIAlex, QTH-Rybinsk {QAPRS}"
"1892";"2009-12-10 20:42:23.671";"1";"AXIP";"n\a";"TX";"APU26N";"UA3MMX-6";"WIDE1-1,WIDE2-2";"=5801.83N/03852.13EIAlex, QTH-Rybinsk {QAPRS}"
"1893";"2009-12-10 20:42:23.671";"0";"AXIP";"n\a";"RX";"APU26N";"UA3MMX-6";"WIDE1-1,WIDE2-2";"=5801.83N/03852.13EIAlex, QTH-Rybinsk {QAPRS}"
"1894";"2009-12-10 20:42:24.671";"1";"AXIP";"n\a";"TX";"APU26N";"UA3MMX-6";"WIDE1-1,WIDE2-2";"=5801.83N/03852.13EIAlex, QTH-Rybinsk {QAPRS}"
"1895";"2009-12-10 20:42:24.671";"0";"AXIP";"n\a";"RX";"APU26N";"UA3MMX-6";"WIDE1-1,WIDE2-2";"=5801.83N/03852.13EIAlex, QTH-Rybinsk {QAPRS}"
"1896";"2009-12-10 20:42:25.671";"1";"AXIP";"n\a";"TX";"APU26N";"UA3MMX-6";"WIDE1-1,WIDE2-2";"=5801.83N/03852.13EIAlex, QTH-Rybinsk {QAPRS}"
"1897";"2009-12-10 20:42:25.671";"0";"AXIP";"n\a";"RX";"APU26N";"UA3MMX-6";"WIDE1-1,WIDE2-2";"=5801.83N/03852.13EIAlex, QTH-Rybinsk {QAPRS}"
"1898";"2009-12-10 20:42:26.671";"1";"AXIP";"n\a";"TX";"APU26N";"UA3MMX-6";"WIDE1-1,WIDE2-2";"=5801.83N/03852.13EIAlex, QTH-Rybinsk {QAPRS}"
"1899";"2009-12-10 20:42:26.671";"0";"AXIP";"n\a";"RX";"APU26N";"UA3MMX-6";"WIDE1-1,WIDE2-2";"=5801.83N/03852.13EIAlex, QTH-Rybinsk {QAPRS}"
"1900";"2009-12-10 20:42:27.671";"1";"AXIP";"n\a";"TX";"APU26N";"UA3MMX-6";"WIDE1-1,WIDE2-2";"=5801.83N/03852.13EIAlex, QTH-Rybinsk {QAPRS}"
"1901";"2009-12-10 20:42:27.671";"0";"AXIP";"n\a";"RX";"APU26N";"UA3MMX-6";"WIDE1-1,WIDE2-2";"=5801.83N/03852.13EIAlex, QTH-Rybinsk {QAPRS}"
"1902";"2009-12-10 20:42:28.671";"1";"AXIP";"n\a";"TX";"APU26N";"UA3MMX-6";"WIDE1-1,WIDE2-2";"=5801.83N/03852.13EIAlex, QTH-Rybinsk {QAPRS}"
"1903";"2009-12-10 20:42:28.671";"0";"AXIP";"n\a";"RX";"APU26N";"UA3MMX-6";"WIDE1-1,WIDE2-2";"=5801.83N/03852.13EIAlex, QTH-Rybinsk {QAPRS}"
"1904";"2009-12-10 20:42:29.671";"1";"AXIP";"n\a";"TX";"APU26N";"UA3MMX-6";"WIDE1-1,WIDE2-2";"=5801.83N/03852.13EIAlex, QTH-Rybinsk {QAPRS}"
"1905";"2009-12-10 20:42:29.671";"0";"AXIP";"n\a";"RX";"APU26N";"UA3MMX-6";"WIDE1-1,WIDE2-2";"=5801.83N/03852.13EIAlex, QTH-Rybinsk {QAPRS}"
"1906";"2009-12-10 20:42:30.671";"1";"AXIP";"n\a";"TX";"APU26N";"UA3MMX-6";"WIDE1-1,WIDE2-2";"=5801.83N/03852.13EIAlex, QTH-Rybinsk {QAPRS}"
"1907";"2009-12-10 20:42:30.671";"0";"AXIP";"n\a";"RX";"APU26N";"UA3MMX-6";"WIDE1-1,WIDE2-2";"=5801.83N/03852.13EIAlex, QTH-Rybinsk {QAPRS}"
"1908";"2009-12-10 20:42:31.671";"1";"AXIP";"n\a";"TX";"APU26N";"UA3MMX-6";"WIDE1-1,WIDE2-2";"=5801.83N/03852.13EIAlex, QTH-Rybinsk {QAPRS}"
"1909";"2009-12-10 20:42:31.671";"0";"AXIP";"n\a";"RX";"APU26N";"UA3MMX-6";"WIDE1-1,WIDE2-2";"=5801.83N/03852.13EIAlex, QTH-Rybinsk {QAPRS}"
"1910";"2009-12-10 20:42:32.671";"1";"AXIP";"n\a";"TX";"APU26N";"UA3MMX-6";"WIDE1-1,WIDE2-2";"=5801.83N/03852.13EIAlex, QTH-Rybinsk {QAPRS}"
"1911";"2009-12-10 20:42:32.671";"0";"AXIP";"n\a";"RX";"APU26N";"UA3MMX-6";"WIDE1-1,WIDE2-2";"=5801.83N/03852.13EIAlex, QTH-Rybinsk {QAPRS}"
"1912";"2009-12-10 20:42:33.671";"1";"AXIP";"n\a";"TX";"APU26N";"UA3MMX-6";"WIDE1-1,WIDE2-2";"=5801.83N/03852.13EIAlex, QTH-Rybinsk {QAPRS}"
"1913";"2009-12-10 20:42:33.671";"0";"AXIP";"n\a";"RX";"APU26N";"UA3MMX-6";"WIDE1-1,WIDE2-2";"=5801.83N/03852.13EIAlex, QTH-Rybinsk {QAPRS}"
"1914";"2009-12-10 20:42:34.671";"1";"AXIP";"n\a";"TX";"APU26N";"UA3MMX-6";"WIDE1-1,WIDE2-2";"=5801.83N/03852.13EIAlex, QTH-Rybinsk {QAPRS}"
"1915";"2009-12-10 20:42:34.671";"0";"AXIP";"n\a";"RX";"APU26N";"UA3MMX-6";"WIDE1-1,WIDE2-2";"=5801.83N/03852.13EIAlex, QTH-Rybinsk {QAPRS}"
"1916";"2009-12-10 20:42:35.671";"1";"AXIP";"n\a";"TX";"APU26N";"UA3MMX-6";"WIDE1-1,WIDE2-2";"=5801.83N/03852.13EIAlex, QTH-Rybinsk {QAPRS}"
"1917";"2009-12-10 20:42:35.671";"0";"AXIP";"n\a";"RX";"APU26N";"UA3MMX-6";"WIDE1-1,WIDE2-2";"=5801.83N/03852.13EIAlex, QTH-Rybinsk {QAPRS}"
"1918";"2009-12-10 20:42:36.671";"1";"AXIP";"n\a";"TX";"APU26N";"UA3MMX-6";"WIDE1-1,WIDE2-2";"=5801.83N/03852.13EIAlex, QTH-Rybinsk {QAPRS}"
"1919";"2009-12-10 20:42:36.671";"0";"AXIP";"n\a";"RX";"APU26N";"UA3MMX-6";"WIDE1-1,WIDE2-2";"=5801.83N/03852.13EIAlex, QTH-Rybinsk {QAPRS}"
"1920";"2009-12-10 20:42:37.828";"1";"AXIP";"n\a";"TX";"APU26N";"UA3MMX-6";"WIDE1-1,WIDE2-2";"=5801.83N/03852.13EIAlex, QTH-Rybinsk {QAPRS}"
"1921";"2009-12-10 20:42:37.828";"0";"AXIP";"n\a";"RX";"APU26N";"UA3MMX-6";"WIDE1-1,WIDE2-2";"=5801.83N/03852.13EIAlex, QTH-Rybinsk {QAPRS}"
"1922";"2009-12-10 20:42:38.671";"1";"AXIP";"n\a";"TX";"APU26N";"UA3MMX-6";"WIDE1-1,WIDE2-2";"=5801.83N/03852.13EIAlex, QTH-Rybinsk {QAPRS}"
"1923";"2009-12-10 20:42:38.671";"0";"AXIP";"n\a";"RX";"APU26N";"UA3MMX-6";"WIDE1-1,WIDE2-2";"=5801.83N/03852.13EIAlex, QTH-Rybinsk {QAPRS}"
"1924";"2009-12-10 20:42:39.671";"1";"AXIP";"n\a";"TX";"APU26N";"UA3MMX-6";"WIDE1-1,WIDE2-2";"=5801.83N/03852.13EIAlex, QTH-Rybinsk {QAPRS}"
"1925";"2009-12-10 20:42:39.671";"0";"AXIP";"n\a";"RX";"APU26N";"UA3MMX-6";"WIDE1-1,WIDE2-2";"=5801.83N/03852.13EIAlex, QTH-Rybinsk {QAPRS}"
"1926";"2009-12-10 20:42:40.671";"1";"AXIP";"n\a";"TX";"APU26N";"UA3MMX-6";"WIDE1-1,WIDE2-2";"=5801.83N/03852.13EIAlex, QTH-Rybinsk {QAPRS}"
"1927";"2009-12-10 20:42:40.671";"0";"AXIP";"n\a";"RX";"APU26N";"UA3MMX-6";"WIDE1-1,WIDE2-2";"=5801.83N/03852.13EIAlex, QTH-Rybinsk {QAPRS}"
"1928";"2009-12-10 20:42:41.671";"1";"AXIP";"n\a";"TX";"APU26N";"UA3MMX-6";"WIDE1-1,WIDE2-2";"=5801.83N/03852.13EIAlex, QTH-Rybinsk {QAPRS}"
"1929";"2009-12-10 20:42:41.671";"0";"AXIP";"n\a";"RX";"APU26N";"UA3MMX-6";"WIDE1-1,WIDE2-2";"=5801.83N/03852.13EIAlex, QTH-Rybinsk {QAPRS}"
"1930";"2009-12-10 20:42:42.671";"1";"AXIP";"n\a";"TX";"APU26N";"UA3MMX-6";"WIDE1-1,WIDE2-2";"=5801.83N/03852.13EIAlex, QTH-Rybinsk {QAPRS}"
"1931";"2009-12-10 20:42:42.671";"0";"AXIP";"n\a";"RX";"APU26N";"UA3MMX-6";"WIDE1-1,WIDE2-2";"=5801.83N/03852.13EIAlex, QTH-Rybinsk {QAPRS}"
"1932";"2009-12-10 20:42:43.671";"1";"AXIP";"n\a";"TX";"APU26N";"UA3MMX-6";"WIDE1-1,WIDE2-2";"=5801.83N/03852.13EIAlex, QTH-Rybinsk {QAPRS}"
"1933";"2009-12-10 20:42:43.671";"0";"AXIP";"n\a";"RX";"APU26N";"UA3MMX-6";"WIDE1-1,WIDE2-2";"=5801.83N/03852.13EIAlex, QTH-Rybinsk {QAPRS}"
"1934";"2009-12-10 20:42:44.671";"1";"AXIP";"n\a";"TX";"APU26N";"UA3MMX-6";"WIDE1-1,WIDE2-2";"=5801.83N/03852.13EIAlex, QTH-Rybinsk {QAPRS}"
"1935";"2009-12-10 20:42:44.671";"0";"AXIP";"n\a";"RX";"APU26N";"UA3MMX-6";"WIDE1-1,WIDE2-2";"=5801.83N/03852.13EIAlex, QTH-Rybinsk {QAPRS}"
"1936";"2009-12-10 20:42:45.671";"1";"AXIP";"n\a";"TX";"APU26N";"UA3MMX-6";"WIDE1-1,WIDE2-2";"=5801.83N/03852.13EIAlex, QTH-Rybinsk {QAPRS}"
"1937";"2009-12-10 20:42:45.671";"0";"AXIP";"n\a";"RX";"APU26N";"UA3MMX-6";"WIDE1-1,WIDE2-2";"=5801.83N/03852.13EIAlex, QTH-Rybinsk {QAPRS}"
"1938";"2009-12-10 20:42:46.671";"1";"AXIP";"n\a";"TX";"APU26N";"UA3MMX-6";"WIDE1-1,WIDE2-2";"=5801.83N/03852.13EIAlex, QTH-Rybinsk {QAPRS}"
"1939";"2009-12-10 20:42:46.671";"0";"AXIP";"n\a";"RX";"APU26N";"UA3MMX-6";"WIDE1-1,WIDE2-2";"=5801.83N/03852.13EIAlex, QTH-Rybinsk {QAPRS}"
"1940";"2009-12-10 20:42:47.671";"1";"AXIP";"n\a";"TX";"APU26N";"UA3MMX-6";"WIDE1-1,WIDE2-2";"=5801.83N/03852.13EIAlex, QTH-Rybinsk {QAPRS}"
"1941";"2009-12-10 20:42:47.671";"0";"AXIP";"n\a";"RX";"APU26N";"UA3MMX-6";"WIDE1-1,WIDE2-2";"=5801.83N/03852.13EIAlex, QTH-Rybinsk {QAPRS}"
"1942";"2009-12-10 20:42:48.734";"1";"AXIP";"n\a";"TX";"APU26N";"UA3MMX-6";"WIDE1-1,WIDE2-2";"=5801.83N/03852.13EIAlex, QTH-Rybinsk {QAPRS}"
"1943";"2009-12-10 20:42:48.734";"0";"AXIP";"n\a";"RX";"APU26N";"UA3MMX-6";"WIDE1-1,WIDE2-2";"=5801.83N/03852.13EIAlex, QTH-Rybinsk {QAPRS}"
"1944";"2009-12-10 20:42:49.671";"1";"AXIP";"n\a";"TX";"APU26N";"UA3MMX-6";"WIDE1-1,WIDE2-2";"=5801.83N/03852.13EIAlex, QTH-Rybinsk {QAPRS}"
"1945";"2009-12-10 20:42:49.671";"0";"AXIP";"n\a";"RX";"APU26N";"UA3MMX-6";"WIDE1-1,WIDE2-2";"=5801.83N/03852.13EIAlex, QTH-Rybinsk {QAPRS}"
"1946";"2009-12-10 20:42:50.671";"1";"AXIP";"n\a";"TX";"APU26N";"UA3MMX-6";"WIDE1-1,WIDE2-2";"=5801.83N/03852.13EIAlex, QTH-Rybinsk {QAPRS}"
"1947";"2009-12-10 20:42:50.671";"0";"AXIP";"n\a";"RX";"APU26N";"UA3MMX-6";"WIDE1-1,WIDE2-2";"=5801.83N/03852.13EIAlex, QTH-Rybinsk {QAPRS}"
"1948";"2009-12-10 20:42:51.671";"1";"AXIP";"n\a";"TX";"APU26N";"UA3MMX-6";"WIDE1-1,WIDE2-2";"=5801.83N/03852.13EIAlex, QTH-Rybinsk {QAPRS}"
"1949";"2009-12-10 20:42:51.671";"0";"AXIP";"n\a";"RX";"APU26N";"UA3MMX-6";"WIDE1-1,WIDE2-2";"=5801.83N/03852.13EIAlex, QTH-Rybinsk {QAPRS}"
"1950";"2009-12-10 20:42:52.671";"1";"AXIP";"n\a";"TX";"APU26N";"UA3MMX-6";"WIDE1-1,WIDE2-2";"=5801.83N/03852.13EIAlex, QTH-Rybinsk {QAPRS}"
"1951";"2009-12-10 20:42:52.671";"0";"AXIP";"n\a";"RX";"APU26N";"UA3MMX-6";"WIDE1-1,WIDE2-2";"=5801.83N/03852.13EIAlex, QTH-Rybinsk {QAPRS}"
"1952";"2009-12-10 20:42:53.671";"1";"AXIP";"n\a";"TX";"APU26N";"UA3MMX-6";"WIDE1-1,WIDE2-2";"=5801.83N/03852.13EIAlex, QTH-Rybinsk {QAPRS}"
"1953";"2009-12-10 20:42:53.671";"0";"AXIP";"n\a";"RX";"APU26N";"UA3MMX-6";"WIDE1-1,WIDE2-2";"=5801.83N/03852.13EIAlex, QTH-Rybinsk {QAPRS}"
"1954";"2009-12-10 20:42:54.671";"1";"AXIP";"n\a";"TX";"APU26N";"UA3MMX-6";"WIDE1-1,WIDE2-2";"=5801.83N/03852.13EIAlex, QTH-Rybinsk {QAPRS}"
"1955";"2009-12-10 20:42:54.671";"0";"AXIP";"n\a";"RX";"APU26N";"UA3MMX-6";"WIDE1-1,WIDE2-2";"=5801.83N/03852.13EIAlex, QTH-Rybinsk {QAPRS}"
"1956";"2009-12-10 20:42:55.671";"1";"AXIP";"n\a";"TX";"APU26N";"UA3MMX-6";"WIDE1-1,WIDE2-2";"=5801.83N/03852.13EIAlex, QTH-Rybinsk {QAPRS}"
"1957";"2009-12-10 20:42:55.671";"0";"AXIP";"n\a";"RX";"APU26N";"UA3MMX-6";"WIDE1-1,WIDE2-2";"=5801.83N/03852.13EIAlex, QTH-Rybinsk {QAPRS}"
"1958";"2009-12-10 20:42:56.671";"1";"AXIP";"n\a";"TX";"APU26N";"UA3MMX-6";"WIDE1-1,WIDE2-2";"=5801.83N/03852.13EIAlex, QTH-Rybinsk {QAPRS}"
"1959";"2009-12-10 20:42:56.671";"0";"AXIP";"n\a";"RX";"APU26N";"UA3MMX-6";"WIDE1-1,WIDE2-2";"=5801.83N/03852.13EIAlex, QTH-Rybinsk {QAPRS}"
"1960";"2009-12-10 20:42:57.671";"1";"AXIP";"n\a";"TX";"APU26N";"UA3MMX-6";"WIDE1-1,WIDE2-2";"=5801.83N/03852.13EIAlex, QTH-Rybinsk {QAPRS}"
"1961";"2009-12-10 20:42:57.671";"0";"AXIP";"n\a";"RX";"APU26N";"UA3MMX-6";"WIDE1-1,WIDE2-2";"=5801.83N/03852.13EIAlex, QTH-Rybinsk {QAPRS}"
"1962";"2009-12-10 20:43:05.125";"1";"AXIP";"n\a";"TX";"APU26N";"UA3MMX-6";"WIDE1-1,WIDE2-2";"=5801.83N/03852.13EIAlex, QTH-Rybinsk {QAPRS}"
"1963";"2009-12-10 20:43:05.125";"0";"AXIP";"n\a";"RX";"APU26N";"UA3MMX-6";"WIDE1-1,WIDE2-2";"=5801.83N/03852.13EIAlex, QTH-Rybinsk {QAPRS}"
"1964";"2009-12-10 20:43:06.125";"1";"AXIP";"n\a";"TX";"APU26N";"UA3MMX-6";"WIDE1-1,WIDE2-2";"=5801.83N/03852.13EIAlex, QTH-Rybinsk {QAPRS}"
"1965";"2009-12-10 20:43:06.125";"0";"AXIP";"n\a";"RX";"APU26N";"UA3MMX-6";"WIDE1-1,WIDE2-2";"=5801.83N/03852.13EIAlex, QTH-Rybinsk {QAPRS}"
"1966";"2009-12-10 20:43:07.125";"1";"AXIP";"n\a";"TX";"APU26N";"UA3MMX-6";"WIDE1-1,WIDE2-2";"=5801.83N/03852.13EIAlex, QTH-Rybinsk {QAPRS}"
"1967";"2009-12-10 20:43:07.125";"0";"AXIP";"n\a";"RX";"APU26N";"UA3MMX-6";"WIDE1-1,WIDE2-2";"=5801.83N/03852.13EIAlex, QTH-Rybinsk {QAPRS}"
"1968";"2009-12-10 20:43:08.125";"1";"AXIP";"n\a";"TX";"APU26N";"UA3MMX-6";"WIDE1-1,WIDE2-2";"=5801.83N/03852.13EIAlex, QTH-Rybinsk {QAPRS}"
"1969";"2009-12-10 20:43:08.125";"0";"AXIP";"n\a";"RX";"APU26N";"UA3MMX-6";"WIDE1-1,WIDE2-2";"=5801.83N/03852.13EIAlex, QTH-Rybinsk {QAPRS}"
"1970";"2009-12-10 20:43:09.125";"1";"AXIP";"n\a";"TX";"APU26N";"UA3MMX-6";"WIDE1-1,WIDE2-2";"=5801.83N/03852.13EIAlex, QTH-Rybinsk {QAPRS}"
"1971";"2009-12-10 20:43:09.125";"0";"AXIP";"n\a";"RX";"APU26N";"UA3MMX-6";"WIDE1-1,WIDE2-2";"=5801.83N/03852.13EIAlex, QTH-Rybinsk {QAPRS}"
"1972";"2009-12-10 20:43:10.125";"1";"AXIP";"n\a";"TX";"APU26N";"UA3MMX-6";"WIDE1-1,WIDE2-2";"=5801.83N/03852.13EIAlex, QTH-Rybinsk {QAPRS}"
"1973";"2009-12-10 20:43:10.125";"0";"AXIP";"n\a";"RX";"APU26N";"UA3MMX-6";"WIDE1-1,WIDE2-2";"=5801.83N/03852.13EIAlex, QTH-Rybinsk {QAPRS}"
"1974";"2009-12-10 20:43:11.125";"1";"AXIP";"n\a";"TX";"APU26N";"UA3MMX-6";"WIDE1-1,WIDE2-2";"=5801.83N/03852.13EIAlex, QTH-Rybinsk {QAPRS}"
"1975";"2009-12-10 20:43:11.140";"0";"AXIP";"n\a";"RX";"APU26N";"UA3MMX-6";"WIDE1-1,WIDE2-2";"=5801.83N/03852.13EIAlex, QTH-Rybinsk {QAPRS}"
"1976";"2009-12-10 20:43:12.125";"1";"AXIP";"n\a";"TX";"APU26N";"UA3MMX-6";"WIDE1-1,WIDE2-2";"=5801.83N/03852.13EIAlex, QTH-Rybinsk {QAPRS}"
"1977";"2009-12-10 20:43:12.140";"0";"AXIP";"n\a";"RX";"APU26N";"UA3MMX-6";"WIDE1-1,WIDE2-2";"=5801.83N/03852.13EIAlex, QTH-Rybinsk {QAPRS}"
"1978";"2009-12-10 20:43:13.125";"1";"AXIP";"n\a";"TX";"APU26N";"UA3MMX-6";"WIDE1-1,WIDE2-2";"=5801.83N/03852.13EIAlex, QTH-Rybinsk {QAPRS}"
"1979";"2009-12-10 20:43:13.140";"0";"AXIP";"n\a";"RX";"APU26N";"UA3MMX-6";"WIDE1-1,WIDE2-2";"=5801.83N/03852.13EIAlex, QTH-Rybinsk {QAPRS}"
"1980";"2009-12-10 20:43:14.125";"1";"AXIP";"n\a";"TX";"APU26N";"UA3MMX-6";"WIDE1-1,WIDE2-2";"=5801.83N/03852.13EIAlex, QTH-Rybinsk {QAPRS}"
"1981";"2009-12-10 20:43:14.140";"0";"AXIP";"n\a";"RX";"APU26N";"UA3MMX-6";"WIDE1-1,WIDE2-2";"=5801.83N/03852.13EIAlex, QTH-Rybinsk {QAPRS}"
"1982";"2009-12-10 20:43:15.125";"1";"AXIP";"n\a";"TX";"APU26N";"UA3MMX-6";"WIDE1-1,WIDE2-2";"=5801.83N/03852.13EIAlex, QTH-Rybinsk {QAPRS}"
"1983";"2009-12-10 20:43:15.140";"0";"AXIP";"n\a";"RX";"APU26N";"UA3MMX-6";"WIDE1-1,WIDE2-2";"=5801.83N/03852.13EIAlex, QTH-Rybinsk {QAPRS}"
"1984";"2009-12-10 20:43:16.125";"1";"AXIP";"n\a";"TX";"APU26N";"UA3MMX-6";"WIDE1-1,WIDE2-2";"=5801.83N/03852.13EIAlex, QTH-Rybinsk {QAPRS}"
"1985";"2009-12-10 20:43:16.140";"0";"AXIP";"n\a";"RX";"APU26N";"UA3MMX-6";"WIDE1-1,WIDE2-2";"=5801.83N/03852.13EIAlex, QTH-Rybinsk {QAPRS}"
"1986";"2009-12-10 20:43:17.125";"1";"AXIP";"n\a";"TX";"APU26N";"UA3MMX-6";"WIDE1-1,WIDE2-2";"=5801.83N/03852.13EIAlex, QTH-Rybinsk {QAPRS}"
"1987";"2009-12-10 20:43:17.140";"0";"AXIP";"n\a";"RX";"APU26N";"UA3MMX-6";"WIDE1-1,WIDE2-2";"=5801.83N/03852.13EIAlex, QTH-Rybinsk {QAPRS}"
"1988";"2009-12-10 20:43:18.125";"1";"AXIP";"n\a";"TX";"APU26N";"UA3MMX-6";"WIDE1-1,WIDE2-2";"=5801.83N/03852.13EIAlex, QTH-Rybinsk {QAPRS}"
"1989";"2009-12-10 20:43:18.140";"0";"AXIP";"n\a";"RX";"APU26N";"UA3MMX-6";"WIDE1-1,WIDE2-2";"=5801.83N/03852.13EIAlex, QTH-Rybinsk {QAPRS}"
"1990";"2009-12-10 20:43:19.125";"1";"AXIP";"n\a";"TX";"APU26N";"UA3MMX-6";"WIDE1-1,WIDE2-2";"=5801.83N/03852.13EIAlex, QTH-Rybinsk {QAPRS}"
"1991";"2009-12-10 20:43:19.125";"0";"AXIP";"n\a";"RX";"APU26N";"UA3MMX-6";"WIDE1-1,WIDE2-2";"=5801.83N/03852.13EIAlex, QTH-Rybinsk {QAPRS}"
"1992";"2009-12-10 20:43:20.125";"1";"AXIP";"n\a";"TX";"APU26N";"UA3MMX-6";"WIDE1-1,WIDE2-2";"=5801.83N/03852.13EIAlex, QTH-Rybinsk {QAPRS}"
"1993";"2009-12-10 20:43:20.125";"0";"AXIP";"n\a";"RX";"APU26N";"UA3MMX-6";"WIDE1-1,WIDE2-2";"=5801.83N/03852.13EIAlex, QTH-Rybinsk {QAPRS}"
"1994";"2009-12-10 20:43:21.125";"1";"AXIP";"n\a";"TX";"APU26N";"UA3MMX-6";"WIDE1-1,WIDE2-2";"=5801.83N/03852.13EIAlex, QTH-Rybinsk {QAPRS}"
"1995";"2009-12-10 20:43:21.125";"0";"AXIP";"n\a";"RX";"APU26N";"UA3MMX-6";"WIDE1-1,WIDE2-2";"=5801.83N/03852.13EIAlex, QTH-Rybinsk {QAPRS}"
"1996";"2009-12-10 20:43:22.125";"1";"AXIP";"n\a";"TX";"APU26N";"UA3MMX-6";"WIDE1-1,WIDE2-2";"=5801.83N/03852.13EIAlex, QTH-Rybinsk {QAPRS}"
"1997";"2009-12-10 20:43:22.125";"0";"AXIP";"n\a";"RX";"APU26N";"UA3MMX-6";"WIDE1-1,WIDE2-2";"=5801.83N/03852.13EIAlex, QTH-Rybinsk {QAPRS}"
"1998";"2009-12-10 20:43:23.125";"1";"AXIP";"n\a";"TX";"APU26N";"UA3MMX-6";"WIDE1-1,WIDE2-2";"=5801.83N/03852.13EIAlex, QTH-Rybinsk {QAPRS}"
"1999";"2009-12-10 20:43:23.125";"0";"AXIP";"n\a";"RX";"APU26N";"UA3MMX-6";"WIDE1-1,WIDE2-2";"=5801.83N/03852.13EIAlex, QTH-Rybinsk {QAPRS}"
"2000";"2009-12-10 20:44:57.953";"1";"AXIP";"n\a";"TX";"APU26N";"UA3MMX-6";"WIDE1-1,WIDE2-2";"=5801.83N/03852.13EIAlex, QTH-Rybinsk {QAPRS}"
"2001";"2009-12-10 20:44:57.953";"0";"AXIP";"n\a";"RX";"APU26N";"UA3MMX-6";"WIDE1-1,WIDE2-2";"=5801.83N/03852.13EIAlex, QTH-Rybinsk {QAPRS}"
"2002";"2009-12-10 20:44:58.953";"1";"AXIP";"n\a";"TX";"APU26N";"UA3MMX-6";"WIDE1-1,WIDE2-2";"=5801.83N/03852.13EIAlex, QTH-Rybinsk {QAPRS}"
"2003";"2009-12-10 20:44:58.953";"0";"AXIP";"n\a";"RX";"APU26N";"UA3MMX-6";"WIDE1-1,WIDE2-2";"=5801.83N/03852.13EIAlex, QTH-Rybinsk {QAPRS}"
"2004";"2009-12-10 20:44:59.953";"1";"AXIP";"n\a";"TX";"APU26N";"UA3MMX-6";"WIDE1-1,WIDE2-2";"=5801.83N/03852.13EIAlex, QTH-Rybinsk {QAPRS}"
"2005";"2009-12-10 20:44:59.953";"0";"AXIP";"n\a";"RX";"APU26N";"UA3MMX-6";"WIDE1-1,WIDE2-2";"=5801.83N/03852.13EIAlex, QTH-Rybinsk {QAPRS}"
"2006";"2009-12-10 20:45:00.953";"1";"AXIP";"n\a";"TX";"APU26N";"UA3MMX-6";"WIDE1-1,WIDE2-2";"=5801.83N/03852.13EIAlex, QTH-Rybinsk {QAPRS}"
"2007";"2009-12-10 20:45:00.953";"0";"AXIP";"n\a";"RX";"APU26N";"UA3MMX-6";"WIDE1-1,WIDE2-2";"=5801.83N/03852.13EIAlex, QTH-Rybinsk {QAPRS}"
"2008";"2009-12-10 20:45:01.953";"1";"AXIP";"n\a";"TX";"APU26N";"UA3MMX-6";"WIDE1-1,WIDE2-2";"=5801.83N/03852.13EIAlex, QTH-Rybinsk {QAPRS}"
"2009";"2009-12-10 20:45:01.953";"0";"AXIP";"n\a";"RX";"APU26N";"UA3MMX-6";"WIDE1-1,WIDE2-2";"=5801.83N/03852.13EIAlex, QTH-Rybinsk {QAPRS}"
"2010";"2009-12-10 20:45:02.953";"1";"AXIP";"n\a";"TX";"APU26N";"UA3MMX-6";"WIDE1-1,WIDE2-2";"=5801.83N/03852.13EIAlex, QTH-Rybinsk {QAPRS}"
"2011";"2009-12-10 20:45:02.953";"0";"AXIP";"n\a";"RX";"APU26N";"UA3MMX-6";"WIDE1-1,WIDE2-2";"=5801.83N/03852.13EIAlex, QTH-Rybinsk {QAPRS}"
"2012";"2009-12-10 20:45:03.968";"1";"AXIP";"n\a";"TX";"APU26N";"UA3MMX-6";"WIDE1-1,WIDE2-2";"=5801.83N/03852.13EIAlex, QTH-Rybinsk {QAPRS}"
"2013";"2009-12-10 20:45:03.968";"0";"AXIP";"n\a";"RX";"APU26N";"UA3MMX-6";"WIDE1-1,WIDE2-2";"=5801.83N/03852.13EIAlex, QTH-Rybinsk {QAPRS}"
"2014";"2009-12-10 20:45:04.953";"1";"AXIP";"n\a";"TX";"APU26N";"UA3MMX-6";"WIDE1-1,WIDE2-2";"=5801.83N/03852.13EIAlex, QTH-Rybinsk {QAPRS}"
"2015";"2009-12-10 20:45:04.953";"0";"AXIP";"n\a";"RX";"APU26N";"UA3MMX-6";"WIDE1-1,WIDE2-2";"=5801.83N/03852.13EIAlex, QTH-Rybinsk {QAPRS}"
"2016";"2009-12-10 20:45:05.953";"1";"AXIP";"n\a";"TX";"APU26N";"UA3MMX-6";"WIDE1-1,WIDE2-2";"=5801.83N/03852.13EIAlex, QTH-Rybinsk {QAPRS}"
"2017";"2009-12-10 20:45:05.953";"0";"AXIP";"n\a";"RX";"APU26N";"UA3MMX-6";"WIDE1-1,WIDE2-2";"=5801.83N/03852.13EIAlex, QTH-Rybinsk {QAPRS}"
"2018";"2009-12-10 20:45:06.953";"1";"AXIP";"n\a";"TX";"APU26N";"UA3MMX-6";"WIDE1-1,WIDE2-2";"=5801.83N/03852.13EIAlex, QTH-Rybinsk {QAPRS}"
"2019";"2009-12-10 20:45:06.953";"0";"AXIP";"n\a";"RX";"APU26N";"UA3MMX-6";"WIDE1-1,WIDE2-2";"=5801.83N/03852.13EIAlex, QTH-Rybinsk {QAPRS}"
"2020";"2009-12-10 20:45:07.953";"1";"AXIP";"n\a";"TX";"APU26N";"UA3MMX-6";"WIDE1-1,WIDE2-2";"=5801.83N/03852.13EIAlex, QTH-Rybinsk {QAPRS}"
"2021";"2009-12-10 20:45:07.953";"0";"AXIP";"n\a";"RX";"APU26N";"UA3MMX-6";"WIDE1-1,WIDE2-2";"=5801.83N/03852.13EIAlex, QTH-Rybinsk {QAPRS}"
"2022";"2009-12-10 20:45:08.953";"1";"AXIP";"n\a";"TX";"APU26N";"UA3MMX-6";"WIDE1-1,WIDE2-2";"=5801.83N/03852.13EIAlex, QTH-Rybinsk {QAPRS}"
"2023";"2009-12-10 20:45:08.953";"0";"AXIP";"n\a";"RX";"APU26N";"UA3MMX-6";"WIDE1-1,WIDE2-2";"=5801.83N/03852.13EIAlex, QTH-Rybinsk {QAPRS}"
"2024";"2009-12-10 20:45:09.953";"1";"AXIP";"n\a";"TX";"APU26N";"UA3MMX-6";"WIDE1-1,WIDE2-2";"=5801.83N/03852.13EIAlex, QTH-Rybinsk {QAPRS}"
"2025";"2009-12-10 20:45:09.953";"0";"AXIP";"n\a";"RX";"APU26N";"UA3MMX-6";"WIDE1-1,WIDE2-2";"=5801.83N/03852.13EIAlex, QTH-Rybinsk {QAPRS}"
"2000";"2009-12-10 20:46:00.093";"1";"AXIP";"n\a";"TX";"APU26N";"UA3MMX-6";"WIDE1-1,WIDE2-2";"=5801.83N/03852.13EIAlex, QTH-Rybinsk {QAPRS}"
"2001";"2009-12-10 20:46:00.093";"0";"AXIP";"n\a";"RX";"APU26N";"UA3MMX-6";"WIDE1-1,WIDE2-2";"=5801.83N/03852.13EIAlex, QTH-Rybinsk {QAPRS}"
"2002";"2009-12-10 20:46:01.093";"1";"AXIP";"n\a";"TX";"APU26N";"UA3MMX-6";"WIDE1-1,WIDE2-2";"=5801.83N/03852.13EIAlex, QTH-Rybinsk {QAPRS}"
"2003";"2009-12-10 20:46:01.093";"0";"AXIP";"n\a";"RX";"APU26N";"UA3MMX-6";"WIDE1-1,WIDE2-2";"=5801.83N/03852.13EIAlex, QTH-Rybinsk {QAPRS}"
"2004";"2009-12-10 20:46:02.093";"1";"AXIP";"n\a";"TX";"APU26N";"UA3MMX-6";"WIDE1-1,WIDE2-2";"=5801.83N/03852.13EIAlex, QTH-Rybinsk {QAPRS}"
"2005";"2009-12-10 20:46:02.093";"0";"AXIP";"n\a";"RX";"APU26N";"UA3MMX-6";"WIDE1-1,WIDE2-2";"=5801.83N/03852.13EIAlex, QTH-Rybinsk {QAPRS}"
"2006";"2009-12-10 20:46:03.093";"1";"AXIP";"n\a";"TX";"APU26N";"UA3MMX-6";"WIDE1-1,WIDE2-2";"=5801.83N/03852.13EIAlex, QTH-Rybinsk {QAPRS}"
"2007";"2009-12-10 20:46:03.093";"0";"AXIP";"n\a";"RX";"APU26N";"UA3MMX-6";"WIDE1-1,WIDE2-2";"=5801.83N/03852.13EIAlex, QTH-Rybinsk {QAPRS}"
"2008";"2009-12-10 20:46:04.093";"1";"AXIP";"n\a";"TX";"APU26N";"UA3MMX-6";"WIDE1-1,WIDE2-2";"=5801.83N/03852.13EIAlex, QTH-Rybinsk {QAPRS}"
"2009";"2009-12-10 20:46:04.093";"0";"AXIP";"n\a";"RX";"APU26N";"UA3MMX-6";"WIDE1-1,WIDE2-2";"=5801.83N/03852.13EIAlex, QTH-Rybinsk {QAPRS}"
"2010";"2009-12-10 20:46:05.093";"1";"AXIP";"n\a";"TX";"APU26N";"UA3MMX-6";"WIDE1-1,WIDE2-2";"=5801.83N/03852.13EIAlex, QTH-Rybinsk {QAPRS}"
"2011";"2009-12-10 20:46:05.093";"0";"AXIP";"n\a";"RX";"APU26N";"UA3MMX-6";"WIDE1-1,WIDE2-2";"=5801.83N/03852.13EIAlex, QTH-Rybinsk {QAPRS}"
"2012";"2009-12-10 20:46:06.093";"1";"AXIP";"n\a";"TX";"APU26N";"UA3MMX-6";"WIDE1-1,WIDE2-2";"=5801.83N/03852.13EIAlex, QTH-Rybinsk {QAPRS}"
"2013";"2009-12-10 20:46:06.093";"0";"AXIP";"n\a";"RX";"APU26N";"UA3MMX-6";"WIDE1-1,WIDE2-2";"=5801.83N/03852.13EIAlex, QTH-Rybinsk {QAPRS}"
"2014";"2009-12-10 20:46:07.093";"1";"AXIP";"n\a";"TX";"APU26N";"UA3MMX-6";"WIDE1-1,WIDE2-2";"=5801.83N/03852.13EIAlex, QTH-Rybinsk {QAPRS}"
"2015";"2009-12-10 20:46:07.093";"0";"AXIP";"n\a";"RX";"APU26N";"UA3MMX-6";"WIDE1-1,WIDE2-2";"=5801.83N/03852.13EIAlex, QTH-Rybinsk {QAPRS}"
